<?xml version="1.0" encoding="UTF-8"?>
<testsuite name="ru.stqa.pft.sandbox.RectangleTests" tests="1" skipped="0" failures="0" errors="0" timestamp="2022-11-27T08:41:27" hostname="jnv35346dfghh.local" time="0.005">
  <properties/>
  <testcase name="testRectangleSecond" classname="ru.stqa.pft.sandbox.RectangleTests" time="0.005"/>
  <system-out><![CDATA[]]></system-out>
  <system-err><![CDATA[]]></system-err>
</testsuite>
