<?xml version="1.0" encoding="UTF-8"?>
<testsuite name="ru.stqa.pft.addressbook.tests.GroupDeletionTests" tests="1" skipped="0" failures="0" errors="0" timestamp="2022-11-28T20:14:31" hostname="jnv35346dfghh" time="0.629">
  <properties/>
  <testcase name="testGroupDeletion" classname="ru.stqa.pft.addressbook.tests.GroupDeletionTests" time="0.629"/>
  <system-out><![CDATA[]]></system-out>
  <system-err><![CDATA[1669666468694	geckodriver	INFO	Listening on 127.0.0.1:7474
1669666468828	mozrunner::runner	INFO	Running command: "/Applications/Firefox.app/Contents/MacOS/firefox-bin" "--marionette" "--remote-debugging-port" "39604" "--remote-allow-hosts" "localhost" "--remote-allow-origins" "http://127.0.0.1:39604/,http://localhost:39604/,http://[::1]:39604/" "-foreground" "-no-remote" "-profile" "/var/folders/nf/wkzxl3dx4v5g4rq3jc1pv1kw0000gn/T/rust_mozprofileipKc1t"
2022-11-28 23:14:29.481 plugin-container[82161:11095200] nil host used in call to allowsSpecificHTTPSCertificateForHost
2022-11-28 23:14:29.482 plugin-container[82161:11095200] nil host used in call to allowsAnyHTTPSCertificateForHost:
2022-11-28 23:14:29.491 plugin-container[82161:11095200] nil host used in call to allowsSpecificHTTPSCertificateForHost
2022-11-28 23:14:29.491 plugin-container[82161:11095200] nil host used in call to allowsAnyHTTPSCertificateForHost:
2022-11-28 23:14:29.492 plugin-container[82161:11095207] nil host used in call to allowsSpecificHTTPSCertificateForHost
2022-11-28 23:14:29.492 plugin-container[82161:11095207] nil host used in call to allowsAnyHTTPSCertificateForHost:
1669666469511	Marionette	INFO	Marionette enabled
1669666469558	Marionette	INFO	Listening on port 62821
Read port: 62821
WebDriver BiDi listening on ws://127.0.0.1:39604
1669666469790	RemoteAgent	WARN	TLS certificate errors will be ignored for this session
console.warn: SearchSettings: "get: No settings file exists, new profile?" (new NotFoundError("Could not open the file at /var/folders/nf/wkzxl3dx4v5g4rq3jc1pv1kw0000gn/T/rust_mozprofileipKc1t/search.json.mozlz4", (void 0)))
DevTools listening on ws://127.0.0.1:39604/devtools/browser/33bcac97-f4ce-4942-937f-659a07d397b2
console.warn: LoginRecipes: "Falling back to a synchronous message for: http://localhost."
console.warn: LoginRecipes: "Falling back to a synchronous message for: http://localhost."
1669666471865	Marionette	WARN	Ignoring event 'DOMContentLoaded' because document has an invalid readyState of 'complete'.
1669666472372	Marionette	INFO	Stopped listening on port 62821
]]></system-err>
</testsuite>
