<?xml version="1.0" encoding="UTF-8"?>
<testsuite name="ru.stqa.pft.addressbook.tests.GroupCreationTests" tests="1" skipped="0" failures="0" errors="0" timestamp="2022-11-29T10:20:54" hostname="jnv35346dfghh.local" time="1.262">
  <properties/>
  <testcase name="testGroupCreation" classname="ru.stqa.pft.addressbook.tests.GroupCreationTests" time="1.262"/>
  <system-out><![CDATA[]]></system-out>
  <system-err><![CDATA[1669717248251	geckodriver	INFO	Listening on 127.0.0.1:16869
1669717248404	mozrunner::runner	INFO	Running command: "/Applications/Firefox.app/Contents/MacOS/firefox-bin" "--marionette" "--remote-debugging-port" "11345" "--remote-allow-hosts" "localhost" "--remote-allow-origins" "http://127.0.0.1:11345/,http://localhost:11345/,http://[::1]:11345/" "-foreground" "-no-remote" "-profile" "/var/folders/nf/wkzxl3dx4v5g4rq3jc1pv1kw0000gn/T/rust_mozprofileoa22a3"
1669717250782	Marionette	INFO	Marionette enabled
2022-11-29 13:20:50.948 plugin-container[89053:11199725] nil host used in call to allowsSpecificHTTPSCertificateForHost
2022-11-29 13:20:50.949 plugin-container[89053:11199725] nil host used in call to allowsAnyHTTPSCertificateForHost:
2022-11-29 13:20:50.987 plugin-container[89053:11199725] nil host used in call to allowsSpecificHTTPSCertificateForHost
2022-11-29 13:20:50.987 plugin-container[89053:11199725] nil host used in call to allowsAnyHTTPSCertificateForHost:
2022-11-29 13:20:50.987 plugin-container[89053:11199731] nil host used in call to allowsSpecificHTTPSCertificateForHost
2022-11-29 13:20:50.987 plugin-container[89053:11199731] nil host used in call to allowsAnyHTTPSCertificateForHost:
1669717251058	Marionette	INFO	Listening on port 51840
Read port: 51840
WebDriver BiDi listening on ws://127.0.0.1:11345
1669717251320	RemoteAgent	WARN	TLS certificate errors will be ignored for this session
console.warn: SearchSettings: "get: No settings file exists, new profile?" (new NotFoundError("Could not open the file at /var/folders/nf/wkzxl3dx4v5g4rq3jc1pv1kw0000gn/T/rust_mozprofileoa22a3/search.json.mozlz4", (void 0)))
DevTools listening on ws://127.0.0.1:11345/devtools/browser/ddf7b025-f634-443b-a712-5a7056a8c99c
console.warn: LoginRecipes: "Falling back to a synchronous message for: http://localhost."
console.warn: LoginRecipes: "Falling back to a synchronous message for: http://localhost."
1669717255721	Marionette	INFO	Stopped listening on port 51840
]]></system-err>
</testsuite>
