<?xml version="1.0" encoding="UTF-8"?>
<testsuite name="ru.stqa.pft.addressbook.GroupDeletionTests" tests="1" skipped="0" failures="0" errors="0" timestamp="2022-11-27T17:43:21" hostname="jnv35346dfghh.local" time="0.653">
  <properties/>
  <testcase name="testGroupDeletion" classname="ru.stqa.pft.addressbook.GroupDeletionTests" time="0.653"/>
  <system-out><![CDATA[]]></system-out>
  <system-err><![CDATA[1669570997829	geckodriver	INFO	Listening on 127.0.0.1:25064
1669570997976	mozrunner::runner	INFO	Running command: "/Applications/Firefox.app/Contents/MacOS/firefox-bin" "--marionette" "--remote-debugging-port" "16205" "--remote-allow-hosts" "localhost" "--remote-allow-origins" "http://127.0.0.1:16205/,http://localhost:16205/,http://[::1]:16205/" "-foreground" "-no-remote" "-profile" "/var/folders/nf/wkzxl3dx4v5g4rq3jc1pv1kw0000gn/T/rust_mozprofileRB0xat"
2022-11-27 20:43:18.922 plugin-container[68498:10836008] nil host used in call to allowsSpecificHTTPSCertificateForHost
2022-11-27 20:43:18.923 plugin-container[68498:10836008] nil host used in call to allowsAnyHTTPSCertificateForHost:
1669570998963	Marionette	INFO	Marionette enabled
2022-11-27 20:43:19.043 plugin-container[68498:10836008] nil host used in call to allowsSpecificHTTPSCertificateForHost
2022-11-27 20:43:19.043 plugin-container[68498:10836008] nil host used in call to allowsAnyHTTPSCertificateForHost:
2022-11-27 20:43:19.044 plugin-container[68498:10836034] nil host used in call to allowsSpecificHTTPSCertificateForHost
2022-11-27 20:43:19.044 plugin-container[68498:10836034] nil host used in call to allowsAnyHTTPSCertificateForHost:
1669570999192	Marionette	INFO	Listening on port 64634
Read port: 64634
WebDriver BiDi listening on ws://127.0.0.1:16205
1669570999376	RemoteAgent	WARN	TLS certificate errors will be ignored for this session
console.warn: SearchSettings: "get: No settings file exists, new profile?" (new NotFoundError("Could not open the file at /var/folders/nf/wkzxl3dx4v5g4rq3jc1pv1kw0000gn/T/rust_mozprofileRB0xat/search.json.mozlz4", (void 0)))
DevTools listening on ws://127.0.0.1:16205/devtools/browser/2fd38fb6-57e7-477d-bb5f-97a5e922d8af
console.warn: LoginRecipes: "Falling back to a synchronous message for: http://localhost."
console.warn: LoginRecipes: "Falling back to a synchronous message for: http://localhost."
1669571002220	Marionette	INFO	Stopped listening on port 64634
]]></system-err>
</testsuite>
