<?xml version="1.0" encoding="UTF-8"?>
<testsuite name="ru.stqa.pft.addressbook.GroupDeletionTests" tests="1" skipped="0" failures="0" errors="0" timestamp="2022-11-27T17:35:03" hostname="jnv35346dfghh.local" time="0.663">
  <properties/>
  <testcase name="testGroupDeletion" classname="ru.stqa.pft.addressbook.GroupDeletionTests" time="0.663"/>
  <system-out><![CDATA[]]></system-out>
  <system-err><![CDATA[1669570499828	geckodriver	INFO	Listening on 127.0.0.1:45978
1669570499973	mozrunner::runner	INFO	Running command: "/Applications/Firefox.app/Contents/MacOS/firefox-bin" "--marionette" "--remote-debugging-port" "23255" "--remote-allow-hosts" "localhost" "--remote-allow-origins" "http://127.0.0.1:23255/,http://localhost:23255/,http://[::1]:23255/" "-foreground" "-no-remote" "-profile" "/var/folders/nf/wkzxl3dx4v5g4rq3jc1pv1kw0000gn/T/rust_mozprofileoZMX51"
2022-11-27 20:35:00.944 plugin-container[68301:10832383] nil host used in call to allowsSpecificHTTPSCertificateForHost
2022-11-27 20:35:00.945 plugin-container[68301:10832383] nil host used in call to allowsAnyHTTPSCertificateForHost:
1669570500990	Marionette	INFO	Marionette enabled
2022-11-27 20:35:01.062 plugin-container[68301:10832383] nil host used in call to allowsSpecificHTTPSCertificateForHost
2022-11-27 20:35:01.062 plugin-container[68301:10832383] nil host used in call to allowsAnyHTTPSCertificateForHost:
2022-11-27 20:35:01.063 plugin-container[68301:10832386] nil host used in call to allowsSpecificHTTPSCertificateForHost
2022-11-27 20:35:01.063 plugin-container[68301:10832386] nil host used in call to allowsAnyHTTPSCertificateForHost:
1669570501231	Marionette	INFO	Listening on port 64332
Read port: 64332
WebDriver BiDi listening on ws://127.0.0.1:23255
1669570501449	RemoteAgent	WARN	TLS certificate errors will be ignored for this session
console.warn: SearchSettings: "get: No settings file exists, new profile?" (new NotFoundError("Could not open the file at /var/folders/nf/wkzxl3dx4v5g4rq3jc1pv1kw0000gn/T/rust_mozprofileoZMX51/search.json.mozlz4", (void 0)))
DevTools listening on ws://127.0.0.1:23255/devtools/browser/f69336f2-9495-4966-8860-a6668396e7ba
console.warn: LoginRecipes: "Falling back to a synchronous message for: http://localhost."
console.warn: LoginRecipes: "Falling back to a synchronous message for: http://localhost."
1669570503911	Marionette	WARN	Ignoring event 'DOMContentLoaded' because document has an invalid readyState of 'complete'.
1669570504422	Marionette	INFO	Stopped listening on port 64332
]]></system-err>
</testsuite>
